e:\quant\mduserapi\debug\mdapi.pch
e:\quant\mduserapi\debug\vc141.pdb
e:\quant\mduserapi\debug\vc141.idb
e:\quant\mduserapi\debug\stdafx.obj
e:\quant\mduserapi\debug\mdspi.obj
e:\quant\mduserapi\debug\mdapi.obj
e:\quant\mduserapi\bin\testmduserapi.ilk
e:\quant\mduserapi\bin\testmduserapi.exe
e:\quant\mduserapi\bin\mdapi.pdb
e:\quant\mdapi\debug\mdapi.obj
e:\quant\mdapi\debug\mdspi.obj
e:\quant\mdapi\debug\stdafx.obj
e:\quant\mdapi\debug\mdapi.pch
e:\quant\mdapi\debug\vc141.idb
e:\quant\mdapi\debug\vc141.pdb
e:\quant\mdapi\bin\mdapi.pdb
e:\quant\mdapi\debug\mdapi.tlog\cl.command.1.tlog
e:\quant\mdapi\debug\mdapi.tlog\cl.read.1.tlog
e:\quant\mdapi\debug\mdapi.tlog\cl.write.1.tlog
e:\quant\mdapi\debug\mdapi.tlog\link.command.1.tlog
e:\quant\mdapi\debug\mdapi.tlog\link.read.1.tlog
e:\quant\mdapi\debug\mdapi.tlog\link.write.1.tlog
